{"C:\\Users\\USER\\Downloads\\Compressed\\bmp.tn-main\\bmp.tn-main\\backend\\constants\\trades.js": {"path":"C:\\Users\\USER\\Downloads\\Compressed\\bmp.tn-main\\bmp.tn-main\\backend\\constants\\trades.js","statementMap":{"0":{"start":{"line":1,"column":15},"end":{"line":1,"column":74}},"1":{"start":{"line":3,"column":0},"end":{"line":3,"column":28}}},"fnMap":{},"branchMap":{},"s":{"0":1,"1":1},"f":{},"b":{},"_coverageSchema":"1a1c01bbd47fc00a2c39e90264f33305004495a9","hash":"c44cbdba2ef3c300e3953a200b7572233580104b"}
,"C:\\Users\\USER\\Downloads\\Compressed\\bmp.tn-main\\bmp.tn-main\\backend\\controllers\\userController.js": {"path":"C:\\Users\\USER\\Downloads\\Compressed\\bmp.tn-main\\bmp.tn-main\\backend\\controllers\\userController.js","statementMap":{"0":{"start":{"line":1,"column":19},"end":{"line":1,"column":49}},"1":{"start":{"line":4,"column":4},"end":{"line":10,"column":19}},"2":{"start":{"line":9,"column":23},"end":{"line":9,"column":67}},"3":{"start":{"line":14,"column":18},"end":{"line":14,"column":75}},"4":{"start":{"line":16,"column":4},"end":{"line":30,"column":6}},"5":{"start":{"line":33,"column":0},"end":{"line":33,"column":38}},"6":{"start":{"line":35,"column":0},"end":{"line":69,"column":2}},"7":{"start":{"line":36,"column":4},"end":{"line":68,"column":5}},"8":{"start":{"line":37,"column":21},"end":{"line":37,"column":29}},"9":{"start":{"line":38,"column":32},"end":{"line":40,"column":26}},"10":{"start":{"line":42,"column":8},"end":{"line":44,"column":9}},"11":{"start":{"line":43,"column":12},"end":{"line":43,"column":87}},"12":{"start":{"line":46,"column":8},"end":{"line":48,"column":9}},"13":{"start":{"line":47,"column":12},"end":{"line":47,"column":86}},"14":{"start":{"line":50,"column":8},"end":{"line":52,"column":9}},"15":{"start":{"line":51,"column":12},"end":{"line":51,"column":74}},"16":{"start":{"line":54,"column":8},"end":{"line":56,"column":9}},"17":{"start":{"line":55,"column":12},"end":{"line":55,"column":80}},"18":{"start":{"line":58,"column":8},"end":{"line":58,"column":37}},"19":{"start":{"line":59,"column":8},"end":{"line":59,"column":53}},"20":{"start":{"line":60,"column":8},"end":{"line":60,"column":26}},"21":{"start":{"line":62,"column":8},"end":{"line":65,"column":11}},"22":{"start":{"line":67,"column":8},"end":{"line":67,"column":90}}},"fnMap":{"0":{"name":"formatTradeLabel","decl":{"start":{"line":3,"column":9},"end":{"line":3,"column":25}},"loc":{"start":{"line":3,"column":33},"end":{"line":11,"column":1}},"line":3},"1":{"name":"(anonymous_1)","decl":{"start":{"line":9,"column":13},"end":{"line":9,"column":14}},"loc":{"start":{"line":9,"column":23},"end":{"line":9,"column":67}},"line":9},"2":{"name":"serializeUser","decl":{"start":{"line":13,"column":9},"end":{"line":13,"column":22}},"loc":{"start":{"line":13,"column":52},"end":{"line":31,"column":1}},"line":13},"3":{"name":"(anonymous_3)","decl":{"start":{"line":35,"column":34},"end":{"line":35,"column":35}},"loc":{"start":{"line":35,"column":54},"end":{"line":69,"column":1}},"line":35}},"branchMap":{"0":{"loc":{"start":{"line":4,"column":18},"end":{"line":4,"column":29}},"type":"binary-expr","locations":[{"start":{"line":4,"column":18},"end":{"line":4,"column":23}},{"start":{"line":4,"column":27},"end":{"line":4,"column":29}}],"line":4},"1":{"loc":{"start":{"line":13,"column":29},"end":{"line":13,"column":50}},"type":"default-arg","locations":[{"start":{"line":13,"column":49},"end":{"line":13,"column":50}}],"line":13},"2":{"loc":{"start":{"line":14,"column":25},"end":{"line":14,"column":53}},"type":"binary-expr","locations":[{"start":{"line":14,"column":25},"end":{"line":14,"column":35}},{"start":{"line":14,"column":39},"end":{"line":14,"column":47}},{"start":{"line":14,"column":51},"end":{"line":14,"column":53}}],"line":14},"3":{"loc":{"start":{"line":21,"column":16},"end":{"line":21,"column":35}},"type":"binary-expr","locations":[{"start":{"line":21,"column":16},"end":{"line":21,"column":27}},{"start":{"line":21,"column":31},"end":{"line":21,"column":35}}],"line":21},"4":{"loc":{"start":{"line":22,"column":17},"end":{"line":22,"column":37}},"type":"binary-expr","locations":[{"start":{"line":22,"column":17},"end":{"line":22,"column":29}},{"start":{"line":22,"column":33},"end":{"line":22,"column":37}}],"line":22},"5":{"loc":{"start":{"line":23,"column":22},"end":{"line":23,"column":47}},"type":"binary-expr","locations":[{"start":{"line":23,"column":22},"end":{"line":23,"column":39}},{"start":{"line":23,"column":43},"end":{"line":23,"column":47}}],"line":23},"6":{"loc":{"start":{"line":24,"column":22},"end":{"line":24,"column":45}},"type":"binary-expr","locations":[{"start":{"line":24,"column":22},"end":{"line":24,"column":39}},{"start":{"line":24,"column":43},"end":{"line":24,"column":45}}],"line":24},"7":{"loc":{"start":{"line":26,"column":13},"end":{"line":26,"column":48}},"type":"binary-expr","locations":[{"start":{"line":26,"column":13},"end":{"line":26,"column":21}},{"start":{"line":26,"column":25},"end":{"line":26,"column":48}}],"line":26},"8":{"loc":{"start":{"line":28,"column":26},"end":{"line":28,"column":55}},"type":"binary-expr","locations":[{"start":{"line":28,"column":26},"end":{"line":28,"column":47}},{"start":{"line":28,"column":51},"end":{"line":28,"column":55}}],"line":28},"9":{"loc":{"start":{"line":38,"column":39},"end":{"line":38,"column":60}},"type":"binary-expr","locations":[{"start":{"line":38,"column":39},"end":{"line":38,"column":54}},{"start":{"line":38,"column":58},"end":{"line":38,"column":60}}],"line":38},"10":{"loc":{"start":{"line":42,"column":8},"end":{"line":44,"column":9}},"type":"if","locations":[{"start":{"line":42,"column":8},"end":{"line":44,"column":9}},{"start":{},"end":{}}],"line":42},"11":{"loc":{"start":{"line":46,"column":8},"end":{"line":48,"column":9}},"type":"if","locations":[{"start":{"line":46,"column":8},"end":{"line":48,"column":9}},{"start":{},"end":{}}],"line":46},"12":{"loc":{"start":{"line":50,"column":8},"end":{"line":52,"column":9}},"type":"if","locations":[{"start":{"line":50,"column":8},"end":{"line":52,"column":9}},{"start":{},"end":{}}],"line":50},"13":{"loc":{"start":{"line":54,"column":8},"end":{"line":56,"column":9}},"type":"if","locations":[{"start":{"line":54,"column":8},"end":{"line":56,"column":9}},{"start":{},"end":{}}],"line":54},"14":{"loc":{"start":{"line":67,"column":47},"end":{"line":67,"column":86}},"type":"binary-expr","locations":[{"start":{"line":67,"column":47},"end":{"line":67,"column":60}},{"start":{"line":67,"column":64},"end":{"line":67,"column":86}}],"line":67}},"s":{"0":1,"1":0,"2":0,"3":1,"4":1,"5":1,"6":1,"7":0,"8":0,"9":0,"10":0,"11":0,"12":0,"13":0,"14":0,"15":0,"16":0,"17":0,"18":0,"19":0,"20":0,"21":0,"22":0},"f":{"0":0,"1":0,"2":1,"3":0},"b":{"0":[0,0],"1":[0],"2":[1,1,0],"3":[1,1],"4":[1,1],"5":[1,1],"6":[1,1],"7":[1,0],"8":[1,1],"9":[0,0],"10":[0,0],"11":[0,0],"12":[0,0],"13":[0,0],"14":[0,0]},"_coverageSchema":"1a1c01bbd47fc00a2c39e90264f33305004495a9","hash":"4a22015bb265d91cfd9e38774878248f87ecd34b"}
,"C:\\Users\\USER\\Downloads\\Compressed\\bmp.tn-main\\bmp.tn-main\\backend\\middleware\\checkAdminRole.js": {"path":"C:\\Users\\USER\\Downloads\\Compressed\\bmp.tn-main\\bmp.tn-main\\backend\\middleware\\checkAdminRole.js","statementMap":{"0":{"start":{"line":1,"column":0},"end":{"line":11,"column":2}},"1":{"start":{"line":2,"column":4},"end":{"line":4,"column":5}},"2":{"start":{"line":3,"column":8},"end":{"line":3,"column":83}},"3":{"start":{"line":6,"column":4},"end":{"line":8,"column":5}},"4":{"start":{"line":7,"column":8},"end":{"line":7,"column":74}},"5":{"start":{"line":10,"column":4},"end":{"line":10,"column":18}}},"fnMap":{"0":{"name":"checkAdminRole","decl":{"start":{"line":1,"column":26},"end":{"line":1,"column":40}},"loc":{"start":{"line":1,"column":57},"end":{"line":11,"column":1}},"line":1}},"branchMap":{"0":{"loc":{"start":{"line":2,"column":4},"end":{"line":4,"column":5}},"type":"if","locations":[{"start":{"line":2,"column":4},"end":{"line":4,"column":5}},{"start":{},"end":{}}],"line":2},"1":{"loc":{"start":{"line":6,"column":4},"end":{"line":8,"column":5}},"type":"if","locations":[{"start":{"line":6,"column":4},"end":{"line":8,"column":5}},{"start":{},"end":{}}],"line":6}},"s":{"0":1,"1":0,"2":0,"3":0,"4":0,"5":0},"f":{"0":0},"b":{"0":[0,0],"1":[0,0]},"_coverageSchema":"1a1c01bbd47fc00a2c39e90264f33305004495a9","hash":"3b2c708d1728db01384050de071f9713175f7911"}
,"C:\\Users\\USER\\Downloads\\Compressed\\bmp.tn-main\\bmp.tn-main\\backend\\middleware\\loadRequestUser.js": {"path":"C:\\Users\\USER\\Downloads\\Compressed\\bmp.tn-main\\bmp.tn-main\\backend\\middleware\\loadRequestUser.js","statementMap":{"0":{"start":{"line":1,"column":17},"end":{"line":1,"column":36}},"1":{"start":{"line":2,"column":13},"end":{"line":2,"column":38}},"2":{"start":{"line":5,"column":4},"end":{"line":12,"column":6}},"3":{"start":{"line":15,"column":0},"end":{"line":39,"column":2}},"4":{"start":{"line":16,"column":4},"end":{"line":38,"column":5}},"5":{"start":{"line":17,"column":30},"end":{"line":17,"column":70}},"6":{"start":{"line":18,"column":8},"end":{"line":20,"column":9}},"7":{"start":{"line":19,"column":12},"end":{"line":19,"column":90}},"8":{"start":{"line":22,"column":8},"end":{"line":24,"column":9}},"9":{"start":{"line":23,"column":12},"end":{"line":23,"column":89}},"10":{"start":{"line":26,"column":21},"end":{"line":28,"column":9}},"11":{"start":{"line":30,"column":8},"end":{"line":32,"column":9}},"12":{"start":{"line":31,"column":12},"end":{"line":31,"column":85}},"13":{"start":{"line":34,"column":8},"end":{"line":34,"column":24}},"14":{"start":{"line":35,"column":8},"end":{"line":35,"column":22}},"15":{"start":{"line":37,"column":8},"end":{"line":37,"column":97}}},"fnMap":{"0":{"name":"extractRequestUserId","decl":{"start":{"line":4,"column":9},"end":{"line":4,"column":29}},"loc":{"start":{"line":4,"column":35},"end":{"line":13,"column":1}},"line":4},"1":{"name":"loadRequestUser","decl":{"start":{"line":15,"column":32},"end":{"line":15,"column":47}},"loc":{"start":{"line":15,"column":64},"end":{"line":39,"column":1}},"line":15}},"branchMap":{"0":{"loc":{"start":{"line":6,"column":8},"end":{"line":11,"column":10}},"type":"binary-expr","locations":[{"start":{"line":6,"column":8},"end":{"line":6,"column":32}},{"start":{"line":7,"column":8},"end":{"line":7,"column":33}},{"start":{"line":8,"column":8},"end":{"line":8,"column":28}},{"start":{"line":9,"column":8},"end":{"line":9,"column":25}},{"start":{"line":10,"column":8},"end":{"line":10,"column":26}},{"start":{"line":11,"column":8},"end":{"line":11,"column":10}}],"line":6},"1":{"loc":{"start":{"line":18,"column":8},"end":{"line":20,"column":9}},"type":"if","locations":[{"start":{"line":18,"column":8},"end":{"line":20,"column":9}},{"start":{},"end":{}}],"line":18},"2":{"loc":{"start":{"line":22,"column":8},"end":{"line":24,"column":9}},"type":"if","locations":[{"start":{"line":22,"column":8},"end":{"line":24,"column":9}},{"start":{},"end":{}}],"line":22},"3":{"loc":{"start":{"line":30,"column":8},"end":{"line":32,"column":9}},"type":"if","locations":[{"start":{"line":30,"column":8},"end":{"line":32,"column":9}},{"start":{},"end":{}}],"line":30},"4":{"loc":{"start":{"line":37,"column":47},"end":{"line":37,"column":93}},"type":"binary-expr","locations":[{"start":{"line":37,"column":47},"end":{"line":37,"column":60}},{"start":{"line":37,"column":64},"end":{"line":37,"column":93}}],"line":37}},"s":{"0":1,"1":1,"2":0,"3":1,"4":0,"5":0,"6":0,"7":0,"8":0,"9":0,"10":0,"11":0,"12":0,"13":0,"14":0,"15":0},"f":{"0":0,"1":0},"b":{"0":[0,0,0,0,0,0],"1":[0,0],"2":[0,0],"3":[0,0],"4":[0,0]},"_coverageSchema":"1a1c01bbd47fc00a2c39e90264f33305004495a9","hash":"e89f7b192998b5ee7ad4624ca40a98e9c92b7a9e"}
,"C:\\Users\\USER\\Downloads\\Compressed\\bmp.tn-main\\bmp.tn-main\\backend\\routes\\userRoutes.js": {"path":"C:\\Users\\USER\\Downloads\\Compressed\\bmp.tn-main\\bmp.tn-main\\backend\\routes\\userRoutes.js","statementMap":{"0":{"start":{"line":1,"column":16},"end":{"line":1,"column":34}},"1":{"start":{"line":2,"column":15},"end":{"line":2,"column":34}},"2":{"start":{"line":3,"column":19},"end":{"line":3,"column":40}},"3":{"start":{"line":4,"column":25},"end":{"line":4,"column":55}},"4":{"start":{"line":5,"column":15},"end":{"line":5,"column":31}},"5":{"start":{"line":6,"column":13},"end":{"line":6,"column":38}},"6":{"start":{"line":7,"column":21},"end":{"line":7,"column":54}},"7":{"start":{"line":8,"column":19},"end":{"line":8,"column":49}},"8":{"start":{"line":9,"column":24},"end":{"line":9,"column":64}},"9":{"start":{"line":10,"column":23},"end":{"line":10,"column":62}},"10":{"start":{"line":11,"column":32},"end":{"line":11,"column":60}},"11":{"start":{"line":12,"column":51},"end":{"line":12,"column":91}},"12":{"start":{"line":13,"column":27},"end":{"line":13,"column":36}},"13":{"start":{"line":14,"column":33},"end":{"line":14,"column":47}},"14":{"start":{"line":17,"column":4},"end":{"line":21,"column":25}},"15":{"start":{"line":23,"column":24},"end":{"line":33,"column":10}},"16":{"start":{"line":35,"column":23},"end":{"line":35,"column":51}},"17":{"start":{"line":36,"column":21},"end":{"line":36,"column":77}},"18":{"start":{"line":39,"column":4},"end":{"line":39,"column":63}},"19":{"start":{"line":43,"column":4},"end":{"line":48,"column":5}},"20":{"start":{"line":44,"column":8},"end":{"line":44,"column":76}},"21":{"start":{"line":46,"column":8},"end":{"line":46,"column":60}},"22":{"start":{"line":47,"column":8},"end":{"line":47,"column":17}},"23":{"start":{"line":52,"column":4},"end":{"line":54,"column":23}},"24":{"start":{"line":58,"column":4},"end":{"line":64,"column":19}},"25":{"start":{"line":63,"column":23},"end":{"line":63,"column":67}},"26":{"start":{"line":68,"column":4},"end":{"line":77,"column":6}},"27":{"start":{"line":81,"column":4},"end":{"line":85,"column":5}},"28":{"start":{"line":82,"column":8},"end":{"line":84,"column":10}},"29":{"start":{"line":87,"column":4},"end":{"line":92,"column":7}},"30":{"start":{"line":96,"column":0},"end":{"line":103,"column":3}},"31":{"start":{"line":97,"column":4},"end":{"line":102,"column":5}},"32":{"start":{"line":98,"column":22},"end":{"line":98,"column":39}},"33":{"start":{"line":99,"column":8},"end":{"line":99,"column":24}},"34":{"start":{"line":101,"column":8},"end":{"line":101,"column":55}},"35":{"start":{"line":105,"column":0},"end":{"line":159,"column":3}},"36":{"start":{"line":106,"column":4},"end":{"line":158,"column":5}},"37":{"start":{"line":107,"column":79},"end":{"line":107,"column":87}},"38":{"start":{"line":109,"column":8},"end":{"line":111,"column":9}},"39":{"start":{"line":110,"column":12},"end":{"line":110,"column":100}},"40":{"start":{"line":113,"column":31},"end":{"line":113,"column":64}},"41":{"start":{"line":115,"column":29},"end":{"line":115,"column":66}},"42":{"start":{"line":116,"column":8},"end":{"line":118,"column":9}},"43":{"start":{"line":117,"column":12},"end":{"line":117,"column":69}},"44":{"start":{"line":120,"column":8},"end":{"line":122,"column":9}},"45":{"start":{"line":121,"column":12},"end":{"line":121,"column":95}},"46":{"start":{"line":124,"column":8},"end":{"line":128,"column":9}},"47":{"start":{"line":125,"column":12},"end":{"line":127,"column":15}},"48":{"start":{"line":130,"column":29},"end":{"line":130,"column":94}},"49":{"start":{"line":131,"column":8},"end":{"line":133,"column":9}},"50":{"start":{"line":132,"column":12},"end":{"line":132,"column":77}},"51":{"start":{"line":135,"column":31},"end":{"line":135,"column":62}},"52":{"start":{"line":137,"column":25},"end":{"line":142,"column":9}},"53":{"start":{"line":144,"column":8},"end":{"line":148,"column":9}},"54":{"start":{"line":145,"column":12},"end":{"line":145,"column":52}},"55":{"start":{"line":146,"column":12},"end":{"line":146,"column":54}},"56":{"start":{"line":147,"column":12},"end":{"line":147,"column":64}},"57":{"start":{"line":150,"column":24},"end":{"line":150,"column":51}},"58":{"start":{"line":152,"column":8},"end":{"line":155,"column":11}},"59":{"start":{"line":157,"column":8},"end":{"line":157,"column":62}},"60":{"start":{"line":161,"column":0},"end":{"line":201,"column":3}},"61":{"start":{"line":162,"column":4},"end":{"line":200,"column":5}},"62":{"start":{"line":163,"column":36},"end":{"line":163,"column":44}},"63":{"start":{"line":165,"column":8},"end":{"line":167,"column":9}},"64":{"start":{"line":166,"column":12},"end":{"line":166,"column":88}},"65":{"start":{"line":169,"column":32},"end":{"line":169,"column":66}},"66":{"start":{"line":170,"column":21},"end":{"line":170,"column":67}},"67":{"start":{"line":172,"column":8},"end":{"line":174,"column":9}},"68":{"start":{"line":173,"column":12},"end":{"line":173,"column":82}},"69":{"start":{"line":176,"column":8},"end":{"line":180,"column":9}},"70":{"start":{"line":177,"column":12},"end":{"line":179,"column":101}},"71":{"start":{"line":182,"column":32},"end":{"line":182,"column":85}},"72":{"start":{"line":183,"column":8},"end":{"line":185,"column":9}},"73":{"start":{"line":184,"column":12},"end":{"line":184,"column":82}},"74":{"start":{"line":187,"column":25},"end":{"line":187,"column":66}},"75":{"start":{"line":188,"column":8},"end":{"line":190,"column":9}},"76":{"start":{"line":189,"column":12},"end":{"line":189,"column":83}},"77":{"start":{"line":192,"column":30},"end":{"line":192,"column":57}},"78":{"start":{"line":194,"column":8},"end":{"line":197,"column":11}},"79":{"start":{"line":199,"column":8},"end":{"line":199,"column":62}},"80":{"start":{"line":203,"column":0},"end":{"line":267,"column":3}},"81":{"start":{"line":204,"column":4},"end":{"line":266,"column":5}},"82":{"start":{"line":205,"column":8},"end":{"line":209,"column":9}},"83":{"start":{"line":206,"column":12},"end":{"line":208,"column":104}},"84":{"start":{"line":211,"column":28},"end":{"line":211,"column":36}},"85":{"start":{"line":212,"column":8},"end":{"line":214,"column":9}},"86":{"start":{"line":213,"column":12},"end":{"line":213,"column":76}},"87":{"start":{"line":216,"column":23},"end":{"line":219,"column":10}},"88":{"start":{"line":221,"column":24},"end":{"line":221,"column":43}},"89":{"start":{"line":222,"column":22},"end":{"line":222,"column":71}},"90":{"start":{"line":224,"column":8},"end":{"line":226,"column":9}},"91":{"start":{"line":225,"column":12},"end":{"line":225,"column":93}},"92":{"start":{"line":228,"column":19},"end":{"line":228,"column":48}},"93":{"start":{"line":230,"column":8},"end":{"line":250,"column":9}},"94":{"start":{"line":232,"column":12},"end":{"line":239,"column":15}},"95":{"start":{"line":240,"column":15},"end":{"line":250,"column":9}},"96":{"start":{"line":241,"column":12},"end":{"line":244,"column":13}},"97":{"start":{"line":242,"column":16},"end":{"line":242,"column":38}},"98":{"start":{"line":243,"column":16},"end":{"line":243,"column":34}},"99":{"start":{"line":247,"column":12},"end":{"line":249,"column":15}},"100":{"start":{"line":252,"column":25},"end":{"line":252,"column":66}},"101":{"start":{"line":253,"column":8},"end":{"line":255,"column":9}},"102":{"start":{"line":254,"column":12},"end":{"line":254,"column":83}},"103":{"start":{"line":257,"column":30},"end":{"line":257,"column":57}},"104":{"start":{"line":259,"column":8},"end":{"line":262,"column":11}},"105":{"start":{"line":264,"column":8},"end":{"line":264,"column":50}},"106":{"start":{"line":265,"column":8},"end":{"line":265,"column":73}},"107":{"start":{"line":269,"column":0},"end":{"line":288,"column":3}},"108":{"start":{"line":270,"column":4},"end":{"line":287,"column":5}},"109":{"start":{"line":271,"column":23},"end":{"line":271,"column":33}},"110":{"start":{"line":272,"column":21},"end":{"line":274,"column":9}},"111":{"start":{"line":276,"column":8},"end":{"line":278,"column":9}},"112":{"start":{"line":277,"column":12},"end":{"line":277,"column":71}},"113":{"start":{"line":280,"column":30},"end":{"line":280,"column":57}},"114":{"start":{"line":282,"column":8},"end":{"line":284,"column":11}},"115":{"start":{"line":286,"column":8},"end":{"line":286,"column":62}},"116":{"start":{"line":290,"column":0},"end":{"line":290,"column":67}},"117":{"start":{"line":292,"column":0},"end":{"line":354,"column":3}},"118":{"start":{"line":293,"column":4},"end":{"line":353,"column":5}},"119":{"start":{"line":294,"column":23},"end":{"line":294,"column":33}},"120":{"start":{"line":295,"column":27},"end":{"line":295,"column":50}},"121":{"start":{"line":297,"column":8},"end":{"line":299,"column":9}},"122":{"start":{"line":298,"column":12},"end":{"line":298,"column":71}},"123":{"start":{"line":301,"column":8},"end":{"line":303,"column":9}},"124":{"start":{"line":302,"column":12},"end":{"line":302,"column":88}},"125":{"start":{"line":306,"column":12},"end":{"line":307,"column":75}},"126":{"start":{"line":309,"column":8},"end":{"line":319,"column":9}},"127":{"start":{"line":310,"column":12},"end":{"line":310,"column":40}},"128":{"start":{"line":311,"column":12},"end":{"line":311,"column":43}},"129":{"start":{"line":312,"column":12},"end":{"line":312,"column":43}},"130":{"start":{"line":313,"column":12},"end":{"line":313,"column":36}},"131":{"start":{"line":315,"column":12},"end":{"line":318,"column":15}},"132":{"start":{"line":321,"column":34},"end":{"line":321,"column":95}},"133":{"start":{"line":322,"column":8},"end":{"line":324,"column":9}},"134":{"start":{"line":323,"column":12},"end":{"line":323,"column":95}},"135":{"start":{"line":326,"column":27},"end":{"line":326,"column":31}},"136":{"start":{"line":327,"column":8},"end":{"line":340,"column":9}},"137":{"start":{"line":328,"column":12},"end":{"line":328,"column":60}},"138":{"start":{"line":329,"column":12},"end":{"line":333,"column":13}},"139":{"start":{"line":330,"column":16},"end":{"line":332,"column":19}},"140":{"start":{"line":335,"column":12},"end":{"line":339,"column":13}},"141":{"start":{"line":336,"column":16},"end":{"line":338,"column":19}},"142":{"start":{"line":342,"column":8},"end":{"line":342,"column":35}},"143":{"start":{"line":343,"column":8},"end":{"line":343,"column":47}},"144":{"start":{"line":344,"column":8},"end":{"line":344,"column":90}},"145":{"start":{"line":345,"column":8},"end":{"line":345,"column":32}},"146":{"start":{"line":347,"column":8},"end":{"line":350,"column":11}},"147":{"start":{"line":352,"column":8},"end":{"line":352,"column":100}},"148":{"start":{"line":356,"column":0},"end":{"line":421,"column":3}},"149":{"start":{"line":357,"column":4},"end":{"line":420,"column":5}},"150":{"start":{"line":358,"column":23},"end":{"line":358,"column":33}},"151":{"start":{"line":359,"column":51},"end":{"line":359,"column":59}},"152":{"start":{"line":361,"column":8},"end":{"line":368,"column":9}},"153":{"start":{"line":367,"column":12},"end":{"line":367,"column":101}},"154":{"start":{"line":370,"column":21},"end":{"line":370,"column":44}},"155":{"start":{"line":371,"column":8},"end":{"line":373,"column":9}},"156":{"start":{"line":372,"column":12},"end":{"line":372,"column":71}},"157":{"start":{"line":375,"column":8},"end":{"line":377,"column":9}},"158":{"start":{"line":376,"column":12},"end":{"line":376,"column":44}},"159":{"start":{"line":379,"column":8},"end":{"line":395,"column":9}},"160":{"start":{"line":380,"column":43},"end":{"line":380,"column":76}},"161":{"start":{"line":381,"column":12},"end":{"line":392,"column":13}},"162":{"start":{"line":382,"column":38},"end":{"line":382,"column":107}},"163":{"start":{"line":383,"column":48},"end":{"line":383,"column":57}},"164":{"start":{"line":385,"column":16},"end":{"line":387,"column":17}},"165":{"start":{"line":386,"column":20},"end":{"line":386,"column":85}},"166":{"start":{"line":389,"column":16},"end":{"line":391,"column":17}},"167":{"start":{"line":390,"column":20},"end":{"line":390,"column":83}},"168":{"start":{"line":394,"column":12},"end":{"line":394,"column":55}},"169":{"start":{"line":397,"column":36},"end":{"line":397,"column":78}},"170":{"start":{"line":398,"column":8},"end":{"line":410,"column":9}},"171":{"start":{"line":399,"column":12},"end":{"line":409,"column":13}},"172":{"start":{"line":400,"column":40},"end":{"line":400,"column":80}},"173":{"start":{"line":401,"column":16},"end":{"line":403,"column":17}},"174":{"start":{"line":402,"column":20},"end":{"line":402,"column":88}},"175":{"start":{"line":405,"column":16},"end":{"line":405,"column":45}},"176":{"start":{"line":406,"column":16},"end":{"line":406,"column":84}},"177":{"start":{"line":407,"column":19},"end":{"line":409,"column":13}},"178":{"start":{"line":408,"column":16},"end":{"line":408,"column":52}},"179":{"start":{"line":412,"column":8},"end":{"line":412,"column":26}},"180":{"start":{"line":414,"column":8},"end":{"line":417,"column":11}},"181":{"start":{"line":419,"column":8},"end":{"line":419,"column":62}},"182":{"start":{"line":423,"column":0},"end":{"line":453,"column":3}},"183":{"start":{"line":424,"column":4},"end":{"line":452,"column":5}},"184":{"start":{"line":425,"column":23},"end":{"line":425,"column":33}},"185":{"start":{"line":426,"column":49},"end":{"line":426,"column":57}},"186":{"start":{"line":428,"column":8},"end":{"line":430,"column":9}},"187":{"start":{"line":429,"column":12},"end":{"line":429,"column":101}},"188":{"start":{"line":432,"column":8},"end":{"line":434,"column":9}},"189":{"start":{"line":433,"column":12},"end":{"line":433,"column":95}},"190":{"start":{"line":436,"column":21},"end":{"line":436,"column":44}},"191":{"start":{"line":437,"column":8},"end":{"line":439,"column":9}},"192":{"start":{"line":438,"column":12},"end":{"line":438,"column":71}},"193":{"start":{"line":441,"column":39},"end":{"line":441,"column":99}},"194":{"start":{"line":442,"column":8},"end":{"line":444,"column":9}},"195":{"start":{"line":443,"column":12},"end":{"line":443,"column":84}},"196":{"start":{"line":446,"column":8},"end":{"line":446,"column":67}},"197":{"start":{"line":447,"column":8},"end":{"line":447,"column":26}},"198":{"start":{"line":449,"column":8},"end":{"line":449,"column":82}},"199":{"start":{"line":451,"column":8},"end":{"line":451,"column":62}},"200":{"start":{"line":455,"column":0},"end":{"line":486,"column":3}},"201":{"start":{"line":456,"column":4},"end":{"line":485,"column":5}},"202":{"start":{"line":457,"column":26},"end":{"line":457,"column":34}},"203":{"start":{"line":459,"column":8},"end":{"line":461,"column":9}},"204":{"start":{"line":460,"column":12},"end":{"line":460,"column":74}},"205":{"start":{"line":463,"column":32},"end":{"line":463,"column":66}},"206":{"start":{"line":464,"column":21},"end":{"line":464,"column":67}},"207":{"start":{"line":466,"column":8},"end":{"line":470,"column":9}},"208":{"start":{"line":467,"column":12},"end":{"line":469,"column":15}},"209":{"start":{"line":472,"column":30},"end":{"line":472,"column":44}},"210":{"start":{"line":473,"column":8},"end":{"line":476,"column":11}},"211":{"start":{"line":478,"column":8},"end":{"line":478,"column":73}},"212":{"start":{"line":480,"column":8},"end":{"line":482,"column":11}},"213":{"start":{"line":484,"column":8},"end":{"line":484,"column":62}},"214":{"start":{"line":488,"column":0},"end":{"line":534,"column":3}},"215":{"start":{"line":489,"column":4},"end":{"line":533,"column":5}},"216":{"start":{"line":490,"column":45},"end":{"line":490,"column":53}},"217":{"start":{"line":492,"column":8},"end":{"line":494,"column":9}},"218":{"start":{"line":493,"column":12},"end":{"line":493,"column":97}},"219":{"start":{"line":496,"column":8},"end":{"line":498,"column":9}},"220":{"start":{"line":497,"column":12},"end":{"line":497,"column":95}},"221":{"start":{"line":500,"column":32},"end":{"line":500,"column":66}},"222":{"start":{"line":501,"column":29},"end":{"line":501,"column":68}},"223":{"start":{"line":503,"column":8},"end":{"line":507,"column":9}},"224":{"start":{"line":504,"column":12},"end":{"line":506,"column":15}},"225":{"start":{"line":509,"column":8},"end":{"line":514,"column":9}},"226":{"start":{"line":510,"column":12},"end":{"line":510,"column":55}},"227":{"start":{"line":511,"column":12},"end":{"line":513,"column":15}},"228":{"start":{"line":516,"column":8},"end":{"line":518,"column":9}},"229":{"start":{"line":517,"column":12},"end":{"line":517,"column":75}},"230":{"start":{"line":520,"column":21},"end":{"line":520,"column":67}},"231":{"start":{"line":521,"column":8},"end":{"line":524,"column":9}},"232":{"start":{"line":522,"column":12},"end":{"line":522,"column":55}},"233":{"start":{"line":523,"column":12},"end":{"line":523,"column":71}},"234":{"start":{"line":526,"column":8},"end":{"line":526,"column":67}},"235":{"start":{"line":527,"column":8},"end":{"line":527,"column":26}},"236":{"start":{"line":528,"column":8},"end":{"line":528,"column":51}},"237":{"start":{"line":530,"column":8},"end":{"line":530,"column":78}},"238":{"start":{"line":532,"column":8},"end":{"line":532,"column":62}},"239":{"start":{"line":536,"column":0},"end":{"line":536,"column":24}}},"fnMap":{"0":{"name":"generateCode","decl":{"start":{"line":38,"column":9},"end":{"line":38,"column":21}},"loc":{"start":{"line":38,"column":24},"end":{"line":40,"column":1}},"line":38},"1":{"name":"unreadCount","decl":{"start":{"line":42,"column":15},"end":{"line":42,"column":26}},"loc":{"start":{"line":42,"column":35},"end":{"line":49,"column":1}},"line":42},"2":{"name":"normalizeTradeValue","decl":{"start":{"line":51,"column":9},"end":{"line":51,"column":28}},"loc":{"start":{"line":51,"column":36},"end":{"line":55,"column":1}},"line":51},"3":{"name":"formatTradeLabel","decl":{"start":{"line":57,"column":9},"end":{"line":57,"column":25}},"loc":{"start":{"line":57,"column":33},"end":{"line":65,"column":1}},"line":57},"4":{"name":"(anonymous_4)","decl":{"start":{"line":63,"column":13},"end":{"line":63,"column":14}},"loc":{"start":{"line":63,"column":23},"end":{"line":63,"column":67}},"line":63},"5":{"name":"mapAdminUser","decl":{"start":{"line":67,"column":9},"end":{"line":67,"column":21}},"loc":{"start":{"line":67,"column":28},"end":{"line":78,"column":1}},"line":67},"6":{"name":"sendPasswordResetCodeEmail","decl":{"start":{"line":80,"column":15},"end":{"line":80,"column":41}},"loc":{"start":{"line":80,"column":55},"end":{"line":93,"column":1}},"line":80},"7":{"name":"(anonymous_7)","decl":{"start":{"line":96,"column":16},"end":{"line":96,"column":17}},"loc":{"start":{"line":96,"column":36},"end":{"line":103,"column":1}},"line":96},"8":{"name":"(anonymous_8)","decl":{"start":{"line":105,"column":25},"end":{"line":105,"column":26}},"loc":{"start":{"line":105,"column":45},"end":{"line":159,"column":1}},"line":105},"9":{"name":"(anonymous_9)","decl":{"start":{"line":161,"column":22},"end":{"line":161,"column":23}},"loc":{"start":{"line":161,"column":42},"end":{"line":201,"column":1}},"line":161},"10":{"name":"(anonymous_10)","decl":{"start":{"line":203,"column":29},"end":{"line":203,"column":30}},"loc":{"start":{"line":203,"column":49},"end":{"line":267,"column":1}},"line":203},"11":{"name":"(anonymous_11)","decl":{"start":{"line":269,"column":27},"end":{"line":269,"column":28}},"loc":{"start":{"line":269,"column":47},"end":{"line":288,"column":1}},"line":269},"12":{"name":"(anonymous_12)","decl":{"start":{"line":292,"column":56},"end":{"line":292,"column":57}},"loc":{"start":{"line":292,"column":76},"end":{"line":354,"column":1}},"line":292},"13":{"name":"(anonymous_13)","decl":{"start":{"line":356,"column":27},"end":{"line":356,"column":28}},"loc":{"start":{"line":356,"column":47},"end":{"line":421,"column":1}},"line":356},"14":{"name":"(anonymous_14)","decl":{"start":{"line":423,"column":28},"end":{"line":423,"column":29}},"loc":{"start":{"line":423,"column":48},"end":{"line":453,"column":1}},"line":423},"15":{"name":"(anonymous_15)","decl":{"start":{"line":455,"column":32},"end":{"line":455,"column":33}},"loc":{"start":{"line":455,"column":52},"end":{"line":486,"column":1}},"line":455},"16":{"name":"(anonymous_16)","decl":{"start":{"line":488,"column":31},"end":{"line":488,"column":32}},"loc":{"start":{"line":488,"column":51},"end":{"line":534,"column":1}},"line":488}},"branchMap":{"0":{"loc":{"start":{"line":17,"column":4},"end":{"line":21,"column":25}},"type":"binary-expr","locations":[{"start":{"line":17,"column":4},"end":{"line":17,"column":25}},{"start":{"line":18,"column":4},"end":{"line":18,"column":25}},{"start":{"line":19,"column":4},"end":{"line":19,"column":25}},{"start":{"line":20,"column":4},"end":{"line":20,"column":25}},{"start":{"line":21,"column":4},"end":{"line":21,"column":25}}],"line":17},"1":{"loc":{"start":{"line":23,"column":24},"end":{"line":33,"column":10}},"type":"cond-expr","locations":[{"start":{"line":24,"column":6},"end":{"line":32,"column":8}},{"start":{"line":33,"column":6},"end":{"line":33,"column":10}}],"line":23},"2":{"loc":{"start":{"line":36,"column":21},"end":{"line":36,"column":77}},"type":"cond-expr","locations":[{"start":{"line":36,"column":38},"end":{"line":36,"column":70}},{"start":{"line":36,"column":73},"end":{"line":36,"column":77}}],"line":36},"3":{"loc":{"start":{"line":52,"column":18},"end":{"line":52,"column":29}},"type":"binary-expr","locations":[{"start":{"line":52,"column":18},"end":{"line":52,"column":23}},{"start":{"line":52,"column":27},"end":{"line":52,"column":29}}],"line":52},"4":{"loc":{"start":{"line":58,"column":18},"end":{"line":58,"column":29}},"type":"binary-expr","locations":[{"start":{"line":58,"column":18},"end":{"line":58,"column":23}},{"start":{"line":58,"column":27},"end":{"line":58,"column":29}}],"line":58},"5":{"loc":{"start":{"line":73,"column":22},"end":{"line":73,"column":45}},"type":"binary-expr","locations":[{"start":{"line":73,"column":22},"end":{"line":73,"column":39}},{"start":{"line":73,"column":43},"end":{"line":73,"column":45}}],"line":73},"6":{"loc":{"start":{"line":75,"column":17},"end":{"line":75,"column":37}},"type":"binary-expr","locations":[{"start":{"line":75,"column":17},"end":{"line":75,"column":29}},{"start":{"line":75,"column":33},"end":{"line":75,"column":37}}],"line":75},"7":{"loc":{"start":{"line":76,"column":22},"end":{"line":76,"column":47}},"type":"binary-expr","locations":[{"start":{"line":76,"column":22},"end":{"line":76,"column":39}},{"start":{"line":76,"column":43},"end":{"line":76,"column":47}}],"line":76},"8":{"loc":{"start":{"line":81,"column":4},"end":{"line":85,"column":5}},"type":"if","locations":[{"start":{"line":81,"column":4},"end":{"line":85,"column":5}},{"start":{},"end":{}}],"line":81},"9":{"loc":{"start":{"line":109,"column":8},"end":{"line":111,"column":9}},"type":"if","locations":[{"start":{"line":109,"column":8},"end":{"line":111,"column":9}},{"start":{},"end":{}}],"line":109},"10":{"loc":{"start":{"line":109,"column":12},"end":{"line":109,"column":49}},"type":"binary-expr","locations":[{"start":{"line":109,"column":12},"end":{"line":109,"column":17}},{"start":{"line":109,"column":21},"end":{"line":109,"column":27}},{"start":{"line":109,"column":31},"end":{"line":109,"column":40}},{"start":{"line":109,"column":44},"end":{"line":109,"column":49}}],"line":109},"11":{"loc":{"start":{"line":116,"column":8},"end":{"line":118,"column":9}},"type":"if","locations":[{"start":{"line":116,"column":8},"end":{"line":118,"column":9}},{"start":{},"end":{}}],"line":116},"12":{"loc":{"start":{"line":120,"column":8},"end":{"line":122,"column":9}},"type":"if","locations":[{"start":{"line":120,"column":8},"end":{"line":122,"column":9}},{"start":{},"end":{}}],"line":120},"13":{"loc":{"start":{"line":124,"column":8},"end":{"line":128,"column":9}},"type":"if","locations":[{"start":{"line":124,"column":8},"end":{"line":128,"column":9}},{"start":{},"end":{}}],"line":124},"14":{"loc":{"start":{"line":124,"column":12},"end":{"line":124,"column":87}},"type":"binary-expr","locations":[{"start":{"line":124,"column":12},"end":{"line":124,"column":45}},{"start":{"line":124,"column":50},"end":{"line":124,"column":57}},{"start":{"line":124,"column":61},"end":{"line":124,"column":69}},{"start":{"line":124,"column":73},"end":{"line":124,"column":86}}],"line":124},"15":{"loc":{"start":{"line":131,"column":8},"end":{"line":133,"column":9}},"type":"if","locations":[{"start":{"line":131,"column":8},"end":{"line":133,"column":9}},{"start":{},"end":{}}],"line":131},"16":{"loc":{"start":{"line":144,"column":8},"end":{"line":148,"column":9}},"type":"if","locations":[{"start":{"line":144,"column":8},"end":{"line":148,"column":9}},{"start":{},"end":{}}],"line":144},"17":{"loc":{"start":{"line":165,"column":8},"end":{"line":167,"column":9}},"type":"if","locations":[{"start":{"line":165,"column":8},"end":{"line":167,"column":9}},{"start":{},"end":{}}],"line":165},"18":{"loc":{"start":{"line":165,"column":12},"end":{"line":165,"column":31}},"type":"binary-expr","locations":[{"start":{"line":165,"column":12},"end":{"line":165,"column":18}},{"start":{"line":165,"column":22},"end":{"line":165,"column":31}}],"line":165},"19":{"loc":{"start":{"line":172,"column":8},"end":{"line":174,"column":9}},"type":"if","locations":[{"start":{"line":172,"column":8},"end":{"line":174,"column":9}},{"start":{},"end":{}}],"line":172},"20":{"loc":{"start":{"line":176,"column":8},"end":{"line":180,"column":9}},"type":"if","locations":[{"start":{"line":176,"column":8},"end":{"line":180,"column":9}},{"start":{},"end":{}}],"line":176},"21":{"loc":{"start":{"line":183,"column":8},"end":{"line":185,"column":9}},"type":"if","locations":[{"start":{"line":183,"column":8},"end":{"line":185,"column":9}},{"start":{},"end":{}}],"line":183},"22":{"loc":{"start":{"line":188,"column":8},"end":{"line":190,"column":9}},"type":"if","locations":[{"start":{"line":188,"column":8},"end":{"line":190,"column":9}},{"start":{},"end":{}}],"line":188},"23":{"loc":{"start":{"line":205,"column":8},"end":{"line":209,"column":9}},"type":"if","locations":[{"start":{"line":205,"column":8},"end":{"line":209,"column":9}},{"start":{},"end":{}}],"line":205},"24":{"loc":{"start":{"line":212,"column":8},"end":{"line":214,"column":9}},"type":"if","locations":[{"start":{"line":212,"column":8},"end":{"line":214,"column":9}},{"start":{},"end":{}}],"line":212},"25":{"loc":{"start":{"line":222,"column":29},"end":{"line":222,"column":49}},"type":"binary-expr","locations":[{"start":{"line":222,"column":29},"end":{"line":222,"column":43}},{"start":{"line":222,"column":47},"end":{"line":222,"column":49}}],"line":222},"26":{"loc":{"start":{"line":224,"column":8},"end":{"line":226,"column":9}},"type":"if","locations":[{"start":{"line":224,"column":8},"end":{"line":226,"column":9}},{"start":{},"end":{}}],"line":224},"27":{"loc":{"start":{"line":224,"column":12},"end":{"line":224,"column":46}},"type":"binary-expr","locations":[{"start":{"line":224,"column":12},"end":{"line":224,"column":18}},{"start":{"line":224,"column":22},"end":{"line":224,"column":46}}],"line":224},"28":{"loc":{"start":{"line":230,"column":8},"end":{"line":250,"column":9}},"type":"if","locations":[{"start":{"line":230,"column":8},"end":{"line":250,"column":9}},{"start":{"line":240,"column":15},"end":{"line":250,"column":9}}],"line":230},"29":{"loc":{"start":{"line":233,"column":29},"end":{"line":233,"column":80}},"type":"binary-expr","locations":[{"start":{"line":233,"column":29},"end":{"line":233,"column":41}},{"start":{"line":233,"column":45},"end":{"line":233,"column":63}},{"start":{"line":233,"column":67},"end":{"line":233,"column":80}}],"line":233},"30":{"loc":{"start":{"line":237,"column":33},"end":{"line":237,"column":50}},"type":"binary-expr","locations":[{"start":{"line":237,"column":33},"end":{"line":237,"column":44}},{"start":{"line":237,"column":48},"end":{"line":237,"column":50}}],"line":237},"31":{"loc":{"start":{"line":240,"column":15},"end":{"line":250,"column":9}},"type":"if","locations":[{"start":{"line":240,"column":15},"end":{"line":250,"column":9}},{"start":{"line":245,"column":15},"end":{"line":250,"column":9}}],"line":240},"32":{"loc":{"start":{"line":241,"column":12},"end":{"line":244,"column":13}},"type":"if","locations":[{"start":{"line":241,"column":12},"end":{"line":244,"column":13}},{"start":{},"end":{}}],"line":241},"33":{"loc":{"start":{"line":253,"column":8},"end":{"line":255,"column":9}},"type":"if","locations":[{"start":{"line":253,"column":8},"end":{"line":255,"column":9}},{"start":{},"end":{}}],"line":253},"34":{"loc":{"start":{"line":276,"column":8},"end":{"line":278,"column":9}},"type":"if","locations":[{"start":{"line":276,"column":8},"end":{"line":278,"column":9}},{"start":{},"end":{}}],"line":276},"35":{"loc":{"start":{"line":297,"column":8},"end":{"line":299,"column":9}},"type":"if","locations":[{"start":{"line":297,"column":8},"end":{"line":299,"column":9}},{"start":{},"end":{}}],"line":297},"36":{"loc":{"start":{"line":301,"column":8},"end":{"line":303,"column":9}},"type":"if","locations":[{"start":{"line":301,"column":8},"end":{"line":303,"column":9}},{"start":{},"end":{}}],"line":301},"37":{"loc":{"start":{"line":306,"column":12},"end":{"line":307,"column":75}},"type":"binary-expr","locations":[{"start":{"line":306,"column":12},"end":{"line":306,"column":40}},{"start":{"line":307,"column":13},"end":{"line":307,"column":39}},{"start":{"line":307,"column":43},"end":{"line":307,"column":74}}],"line":306},"38":{"loc":{"start":{"line":309,"column":8},"end":{"line":319,"column":9}},"type":"if","locations":[{"start":{"line":309,"column":8},"end":{"line":319,"column":9}},{"start":{},"end":{}}],"line":309},"39":{"loc":{"start":{"line":321,"column":41},"end":{"line":321,"column":73}},"type":"binary-expr","locations":[{"start":{"line":321,"column":41},"end":{"line":321,"column":58}},{"start":{"line":321,"column":62},"end":{"line":321,"column":73}}],"line":321},"40":{"loc":{"start":{"line":322,"column":8},"end":{"line":324,"column":9}},"type":"if","locations":[{"start":{"line":322,"column":8},"end":{"line":324,"column":9}},{"start":{},"end":{}}],"line":322},"41":{"loc":{"start":{"line":327,"column":8},"end":{"line":340,"column":9}},"type":"if","locations":[{"start":{"line":327,"column":8},"end":{"line":340,"column":9}},{"start":{},"end":{}}],"line":327},"42":{"loc":{"start":{"line":329,"column":12},"end":{"line":333,"column":13}},"type":"if","locations":[{"start":{"line":329,"column":12},"end":{"line":333,"column":13}},{"start":{},"end":{}}],"line":329},"43":{"loc":{"start":{"line":329,"column":16},"end":{"line":329,"column":79}},"type":"binary-expr","locations":[{"start":{"line":329,"column":16},"end":{"line":329,"column":39}},{"start":{"line":329,"column":43},"end":{"line":329,"column":79}}],"line":329},"44":{"loc":{"start":{"line":335,"column":12},"end":{"line":339,"column":13}},"type":"if","locations":[{"start":{"line":335,"column":12},"end":{"line":339,"column":13}},{"start":{},"end":{}}],"line":335},"45":{"loc":{"start":{"line":344,"column":34},"end":{"line":344,"column":89}},"type":"cond-expr","locations":[{"start":{"line":344,"column":70},"end":{"line":344,"column":82}},{"start":{"line":344,"column":85},"end":{"line":344,"column":89}}],"line":344},"46":{"loc":{"start":{"line":352,"column":47},"end":{"line":352,"column":96}},"type":"binary-expr","locations":[{"start":{"line":352,"column":47},"end":{"line":352,"column":58}},{"start":{"line":352,"column":62},"end":{"line":352,"column":96}}],"line":352},"47":{"loc":{"start":{"line":361,"column":8},"end":{"line":368,"column":9}},"type":"if","locations":[{"start":{"line":361,"column":8},"end":{"line":368,"column":9}},{"start":{},"end":{}}],"line":361},"48":{"loc":{"start":{"line":362,"column":12},"end":{"line":365,"column":40}},"type":"binary-expr","locations":[{"start":{"line":362,"column":13},"end":{"line":362,"column":18}},{"start":{"line":362,"column":22},"end":{"line":362,"column":42}},{"start":{"line":363,"column":12},"end":{"line":363,"column":47}},{"start":{"line":364,"column":12},"end":{"line":364,"column":38}},{"start":{"line":365,"column":12},"end":{"line":365,"column":40}}],"line":362},"49":{"loc":{"start":{"line":371,"column":8},"end":{"line":373,"column":9}},"type":"if","locations":[{"start":{"line":371,"column":8},"end":{"line":373,"column":9}},{"start":{},"end":{}}],"line":371},"50":{"loc":{"start":{"line":375,"column":8},"end":{"line":377,"column":9}},"type":"if","locations":[{"start":{"line":375,"column":8},"end":{"line":377,"column":9}},{"start":{},"end":{}}],"line":375},"51":{"loc":{"start":{"line":375,"column":12},"end":{"line":375,"column":39}},"type":"binary-expr","locations":[{"start":{"line":375,"column":12},"end":{"line":375,"column":16}},{"start":{"line":375,"column":20},"end":{"line":375,"column":39}}],"line":375},"52":{"loc":{"start":{"line":379,"column":8},"end":{"line":395,"column":9}},"type":"if","locations":[{"start":{"line":379,"column":8},"end":{"line":395,"column":9}},{"start":{},"end":{}}],"line":379},"53":{"loc":{"start":{"line":380,"column":50},"end":{"line":380,"column":68}},"type":"binary-expr","locations":[{"start":{"line":380,"column":50},"end":{"line":380,"column":62}},{"start":{"line":380,"column":66},"end":{"line":380,"column":68}}],"line":380},"54":{"loc":{"start":{"line":381,"column":12},"end":{"line":392,"column":13}},"type":"if","locations":[{"start":{"line":381,"column":12},"end":{"line":392,"column":13}},{"start":{},"end":{}}],"line":381},"55":{"loc":{"start":{"line":385,"column":16},"end":{"line":387,"column":17}},"type":"if","locations":[{"start":{"line":385,"column":16},"end":{"line":387,"column":17}},{"start":{},"end":{}}],"line":385},"56":{"loc":{"start":{"line":389,"column":16},"end":{"line":391,"column":17}},"type":"if","locations":[{"start":{"line":389,"column":16},"end":{"line":391,"column":17}},{"start":{},"end":{}}],"line":389},"57":{"loc":{"start":{"line":397,"column":36},"end":{"line":397,"column":78}},"type":"cond-expr","locations":[{"start":{"line":397,"column":67},"end":{"line":397,"column":72}},{"start":{"line":397,"column":75},"end":{"line":397,"column":78}}],"line":397},"58":{"loc":{"start":{"line":398,"column":8},"end":{"line":410,"column":9}},"type":"if","locations":[{"start":{"line":398,"column":8},"end":{"line":410,"column":9}},{"start":{},"end":{}}],"line":398},"59":{"loc":{"start":{"line":399,"column":12},"end":{"line":409,"column":13}},"type":"if","locations":[{"start":{"line":399,"column":12},"end":{"line":409,"column":13}},{"start":{"line":407,"column":19},"end":{"line":409,"column":13}}],"line":399},"60":{"loc":{"start":{"line":401,"column":16},"end":{"line":403,"column":17}},"type":"if","locations":[{"start":{"line":401,"column":16},"end":{"line":403,"column":17}},{"start":{},"end":{}}],"line":401},"61":{"loc":{"start":{"line":401,"column":20},"end":{"line":401,"column":72}},"type":"binary-expr","locations":[{"start":{"line":401,"column":20},"end":{"line":401,"column":35}},{"start":{"line":401,"column":39},"end":{"line":401,"column":72}}],"line":401},"62":{"loc":{"start":{"line":406,"column":27},"end":{"line":406,"column":83}},"type":"cond-expr","locations":[{"start":{"line":406,"column":45},"end":{"line":406,"column":78}},{"start":{"line":406,"column":81},"end":{"line":406,"column":83}}],"line":406},"63":{"loc":{"start":{"line":407,"column":19},"end":{"line":409,"column":13}},"type":"if","locations":[{"start":{"line":407,"column":19},"end":{"line":409,"column":13}},{"start":{},"end":{}}],"line":407},"64":{"loc":{"start":{"line":408,"column":34},"end":{"line":408,"column":43}},"type":"binary-expr","locations":[{"start":{"line":408,"column":34},"end":{"line":408,"column":37}},{"start":{"line":408,"column":41},"end":{"line":408,"column":43}}],"line":408},"65":{"loc":{"start":{"line":428,"column":8},"end":{"line":430,"column":9}},"type":"if","locations":[{"start":{"line":428,"column":8},"end":{"line":430,"column":9}},{"start":{},"end":{}}],"line":428},"66":{"loc":{"start":{"line":428,"column":12},"end":{"line":428,"column":44}},"type":"binary-expr","locations":[{"start":{"line":428,"column":12},"end":{"line":428,"column":28}},{"start":{"line":428,"column":32},"end":{"line":428,"column":44}}],"line":428},"67":{"loc":{"start":{"line":432,"column":8},"end":{"line":434,"column":9}},"type":"if","locations":[{"start":{"line":432,"column":8},"end":{"line":434,"column":9}},{"start":{},"end":{}}],"line":432},"68":{"loc":{"start":{"line":437,"column":8},"end":{"line":439,"column":9}},"type":"if","locations":[{"start":{"line":437,"column":8},"end":{"line":439,"column":9}},{"start":{},"end":{}}],"line":437},"69":{"loc":{"start":{"line":442,"column":8},"end":{"line":444,"column":9}},"type":"if","locations":[{"start":{"line":442,"column":8},"end":{"line":444,"column":9}},{"start":{},"end":{}}],"line":442},"70":{"loc":{"start":{"line":459,"column":8},"end":{"line":461,"column":9}},"type":"if","locations":[{"start":{"line":459,"column":8},"end":{"line":461,"column":9}},{"start":{},"end":{}}],"line":459},"71":{"loc":{"start":{"line":466,"column":8},"end":{"line":470,"column":9}},"type":"if","locations":[{"start":{"line":466,"column":8},"end":{"line":470,"column":9}},{"start":{},"end":{}}],"line":466},"72":{"loc":{"start":{"line":492,"column":8},"end":{"line":494,"column":9}},"type":"if","locations":[{"start":{"line":492,"column":8},"end":{"line":494,"column":9}},{"start":{},"end":{}}],"line":492},"73":{"loc":{"start":{"line":492,"column":12},"end":{"line":492,"column":43}},"type":"binary-expr","locations":[{"start":{"line":492,"column":12},"end":{"line":492,"column":18}},{"start":{"line":492,"column":22},"end":{"line":492,"column":27}},{"start":{"line":492,"column":31},"end":{"line":492,"column":43}}],"line":492},"74":{"loc":{"start":{"line":496,"column":8},"end":{"line":498,"column":9}},"type":"if","locations":[{"start":{"line":496,"column":8},"end":{"line":498,"column":9}},{"start":{},"end":{}}],"line":496},"75":{"loc":{"start":{"line":503,"column":8},"end":{"line":507,"column":9}},"type":"if","locations":[{"start":{"line":503,"column":8},"end":{"line":507,"column":9}},{"start":{},"end":{}}],"line":503},"76":{"loc":{"start":{"line":509,"column":8},"end":{"line":514,"column":9}},"type":"if","locations":[{"start":{"line":509,"column":8},"end":{"line":514,"column":9}},{"start":{},"end":{}}],"line":509},"77":{"loc":{"start":{"line":516,"column":8},"end":{"line":518,"column":9}},"type":"if","locations":[{"start":{"line":516,"column":8},"end":{"line":518,"column":9}},{"start":{},"end":{}}],"line":516},"78":{"loc":{"start":{"line":521,"column":8},"end":{"line":524,"column":9}},"type":"if","locations":[{"start":{"line":521,"column":8},"end":{"line":524,"column":9}},{"start":{},"end":{}}],"line":521}},"s":{"0":1,"1":1,"2":1,"3":1,"4":1,"5":1,"6":1,"7":1,"8":1,"9":1,"10":1,"11":1,"12":1,"13":1,"14":1,"15":1,"16":1,"17":1,"18":0,"19":1,"20":1,"21":0,"22":0,"23":0,"24":0,"25":0,"26":0,"27":0,"28":0,"29":0,"30":1,"31":0,"32":0,"33":0,"34":0,"35":1,"36":0,"37":0,"38":0,"39":0,"40":0,"41":0,"42":0,"43":0,"44":0,"45":0,"46":0,"47":0,"48":0,"49":0,"50":0,"51":0,"52":0,"53":0,"54":0,"55":0,"56":0,"57":0,"58":0,"59":0,"60":1,"61":3,"62":3,"63":3,"64":0,"65":3,"66":3,"67":3,"68":1,"69":2,"70":0,"71":2,"72":2,"73":1,"74":1,"75":1,"76":0,"77":1,"78":1,"79":0,"80":1,"81":0,"82":0,"83":0,"84":0,"85":0,"86":0,"87":0,"88":0,"89":0,"90":0,"91":0,"92":0,"93":0,"94":0,"95":0,"96":0,"97":0,"98":0,"99":0,"100":0,"101":0,"102":0,"103":0,"104":0,"105":0,"106":0,"107":1,"108":0,"109":0,"110":0,"111":0,"112":0,"113":0,"114":0,"115":0,"116":1,"117":1,"118":0,"119":0,"120":0,"121":0,"122":0,"123":0,"124":0,"125":0,"126":0,"127":0,"128":0,"129":0,"130":0,"131":0,"132":0,"133":0,"134":0,"135":0,"136":0,"137":0,"138":0,"139":0,"140":0,"141":0,"142":0,"143":0,"144":0,"145":0,"146":0,"147":0,"148":1,"149":0,"150":0,"151":0,"152":0,"153":0,"154":0,"155":0,"156":0,"157":0,"158":0,"159":0,"160":0,"161":0,"162":0,"163":0,"164":0,"165":0,"166":0,"167":0,"168":0,"169":0,"170":0,"171":0,"172":0,"173":0,"174":0,"175":0,"176":0,"177":0,"178":0,"179":0,"180":0,"181":0,"182":1,"183":0,"184":0,"185":0,"186":0,"187":0,"188":0,"189":0,"190":0,"191":0,"192":0,"193":0,"194":0,"195":0,"196":0,"197":0,"198":0,"199":0,"200":1,"201":0,"202":0,"203":0,"204":0,"205":0,"206":0,"207":0,"208":0,"209":0,"210":0,"211":0,"212":0,"213":0,"214":1,"215":0,"216":0,"217":0,"218":0,"219":0,"220":0,"221":0,"222":0,"223":0,"224":0,"225":0,"226":0,"227":0,"228":0,"229":0,"230":0,"231":0,"232":0,"233":0,"234":0,"235":0,"236":0,"237":0,"238":0,"239":1},"f":{"0":0,"1":1,"2":0,"3":0,"4":0,"5":0,"6":0,"7":0,"8":0,"9":3,"10":0,"11":0,"12":0,"13":0,"14":0,"15":0,"16":0},"b":{"0":[1,0,0,0,0],"1":[0,1],"2":[0,1],"3":[0,0],"4":[0,0],"5":[0,0],"6":[0,0],"7":[0,0],"8":[0,0],"9":[0,0],"10":[0,0,0,0],"11":[0,0],"12":[0,0],"13":[0,0],"14":[0,0,0,0],"15":[0,0],"16":[0,0],"17":[0,3],"18":[3,3],"19":[1,2],"20":[0,2],"21":[1,1],"22":[0,1],"23":[0,0],"24":[0,0],"25":[0,0],"26":[0,0],"27":[0,0],"28":[0,0],"29":[0,0,0],"30":[0,0],"31":[0,0],"32":[0,0],"33":[0,0],"34":[0,0],"35":[0,0],"36":[0,0],"37":[0,0,0],"38":[0,0],"39":[0,0],"40":[0,0],"41":[0,0],"42":[0,0],"43":[0,0],"44":[0,0],"45":[0,0],"46":[0,0],"47":[0,0],"48":[0,0,0,0,0],"49":[0,0],"50":[0,0],"51":[0,0],"52":[0,0],"53":[0,0],"54":[0,0],"55":[0,0],"56":[0,0],"57":[0,0],"58":[0,0],"59":[0,0],"60":[0,0],"61":[0,0],"62":[0,0],"63":[0,0],"64":[0,0],"65":[0,0],"66":[0,0],"67":[0,0],"68":[0,0],"69":[0,0],"70":[0,0],"71":[0,0],"72":[0,0],"73":[0,0,0],"74":[0,0],"75":[0,0],"76":[0,0],"77":[0,0],"78":[0,0]},"_coverageSchema":"1a1c01bbd47fc00a2c39e90264f33305004495a9","hash":"6fad34755f9a93c6edf4dbf7f3865ae9abd3007b"}
}
