TN:
SF:constants\trades.js
FNF:0
FNH:0
DA:1,1
DA:3,1
LF:2
LH:2
BRF:0
BRH:0
end_of_record
TN:
SF:controllers\userController.js
FN:3,formatTradeLabel
FN:9,(anonymous_1)
FN:13,serializeUser
FN:35,(anonymous_3)
FNF:4
FNH:1
FNDA:0,formatTradeLabel
FNDA:0,(anonymous_1)
FNDA:1,serializeUser
FNDA:0,(anonymous_3)
DA:1,1
DA:4,0
DA:9,0
DA:14,1
DA:16,1
DA:33,1
DA:35,1
DA:36,0
DA:37,0
DA:38,0
DA:42,0
DA:43,0
DA:46,0
DA:47,0
DA:50,0
DA:51,0
DA:54,0
DA:55,0
DA:58,0
DA:59,0
DA:60,0
DA:62,0
DA:67,0
LF:23
LH:5
BRDA:4,0,0,0
BRDA:4,0,1,0
BRDA:13,1,0,0
BRDA:14,2,0,1
BRDA:14,2,1,1
BRDA:14,2,2,0
BRDA:21,3,0,1
BRDA:21,3,1,1
BRDA:22,4,0,1
BRDA:22,4,1,1
BRDA:23,5,0,1
BRDA:23,5,1,1
BRDA:24,6,0,1
BRDA:24,6,1,1
BRDA:26,7,0,1
BRDA:26,7,1,0
BRDA:28,8,0,1
BRDA:28,8,1,1
BRDA:38,9,0,0
BRDA:38,9,1,0
BRDA:42,10,0,0
BRDA:42,10,1,0
BRDA:46,11,0,0
BRDA:46,11,1,0
BRDA:50,12,0,0
BRDA:50,12,1,0
BRDA:54,13,0,0
BRDA:54,13,1,0
BRDA:67,14,0,0
BRDA:67,14,1,0
BRF:30
BRH:13
end_of_record
TN:
SF:middleware\checkAdminRole.js
FN:1,checkAdminRole
FNF:1
FNH:0
FNDA:0,checkAdminRole
DA:1,1
DA:2,0
DA:3,0
DA:6,0
DA:7,0
DA:10,0
LF:6
LH:1
BRDA:2,0,0,0
BRDA:2,0,1,0
BRDA:6,1,0,0
BRDA:6,1,1,0
BRF:4
BRH:0
end_of_record
TN:
SF:middleware\loadRequestUser.js
FN:4,extractRequestUserId
FN:15,loadRequestUser
FNF:2
FNH:0
FNDA:0,extractRequestUserId
FNDA:0,loadRequestUser
DA:1,1
DA:2,1
DA:5,0
DA:15,1
DA:16,0
DA:17,0
DA:18,0
DA:19,0
DA:22,0
DA:23,0
DA:26,0
DA:30,0
DA:31,0
DA:34,0
DA:35,0
DA:37,0
LF:16
LH:3
BRDA:6,0,0,0
BRDA:6,0,1,0
BRDA:6,0,2,0
BRDA:6,0,3,0
BRDA:6,0,4,0
BRDA:6,0,5,0
BRDA:18,1,0,0
BRDA:18,1,1,0
BRDA:22,2,0,0
BRDA:22,2,1,0
BRDA:30,3,0,0
BRDA:30,3,1,0
BRDA:37,4,0,0
BRDA:37,4,1,0
BRF:14
BRH:0
end_of_record
TN:
SF:routes\userRoutes.js
FN:38,generateCode
FN:42,unreadCount
FN:51,normalizeTradeValue
FN:57,formatTradeLabel
FN:63,(anonymous_4)
FN:67,mapAdminUser
FN:80,sendPasswordResetCodeEmail
FN:96,(anonymous_7)
FN:105,(anonymous_8)
FN:161,(anonymous_9)
FN:203,(anonymous_10)
FN:269,(anonymous_11)
FN:292,(anonymous_12)
FN:356,(anonymous_13)
FN:423,(anonymous_14)
FN:455,(anonymous_15)
FN:488,(anonymous_16)
FNF:17
FNH:2
FNDA:0,generateCode
FNDA:1,unreadCount
FNDA:0,normalizeTradeValue
FNDA:0,formatTradeLabel
FNDA:0,(anonymous_4)
FNDA:0,mapAdminUser
FNDA:0,sendPasswordResetCodeEmail
FNDA:0,(anonymous_7)
FNDA:0,(anonymous_8)
FNDA:3,(anonymous_9)
FNDA:0,(anonymous_10)
FNDA:0,(anonymous_11)
FNDA:0,(anonymous_12)
FNDA:0,(anonymous_13)
FNDA:0,(anonymous_14)
FNDA:0,(anonymous_15)
FNDA:0,(anonymous_16)
DA:1,1
DA:2,1
DA:3,1
DA:4,1
DA:5,1
DA:6,1
DA:7,1
DA:8,1
DA:9,1
DA:10,1
DA:11,1
DA:12,1
DA:13,1
DA:14,1
DA:17,1
DA:23,1
DA:35,1
DA:36,1
DA:39,0
DA:43,1
DA:44,1
DA:46,0
DA:47,0
DA:52,0
DA:58,0
DA:63,0
DA:68,0
DA:81,0
DA:82,0
DA:87,0
DA:96,1
DA:97,0
DA:98,0
DA:99,0
DA:101,0
DA:105,1
DA:106,0
DA:107,0
DA:109,0
DA:110,0
DA:113,0
DA:115,0
DA:116,0
DA:117,0
DA:120,0
DA:121,0
DA:124,0
DA:125,0
DA:130,0
DA:131,0
DA:132,0
DA:135,0
DA:137,0
DA:144,0
DA:145,0
DA:146,0
DA:147,0
DA:150,0
DA:152,0
DA:157,0
DA:161,1
DA:162,3
DA:163,3
DA:165,3
DA:166,0
DA:169,3
DA:170,3
DA:172,3
DA:173,1
DA:176,2
DA:177,0
DA:182,2
DA:183,2
DA:184,1
DA:187,1
DA:188,1
DA:189,0
DA:192,1
DA:194,1
DA:199,0
DA:203,1
DA:204,0
DA:205,0
DA:206,0
DA:211,0
DA:212,0
DA:213,0
DA:216,0
DA:221,0
DA:222,0
DA:224,0
DA:225,0
DA:228,0
DA:230,0
DA:232,0
DA:240,0
DA:241,0
DA:242,0
DA:243,0
DA:247,0
DA:252,0
DA:253,0
DA:254,0
DA:257,0
DA:259,0
DA:264,0
DA:265,0
DA:269,1
DA:270,0
DA:271,0
DA:272,0
DA:276,0
DA:277,0
DA:280,0
DA:282,0
DA:286,0
DA:290,1
DA:292,1
DA:293,0
DA:294,0
DA:295,0
DA:297,0
DA:298,0
DA:301,0
DA:302,0
DA:306,0
DA:309,0
DA:310,0
DA:311,0
DA:312,0
DA:313,0
DA:315,0
DA:321,0
DA:322,0
DA:323,0
DA:326,0
DA:327,0
DA:328,0
DA:329,0
DA:330,0
DA:335,0
DA:336,0
DA:342,0
DA:343,0
DA:344,0
DA:345,0
DA:347,0
DA:352,0
DA:356,1
DA:357,0
DA:358,0
DA:359,0
DA:361,0
DA:367,0
DA:370,0
DA:371,0
DA:372,0
DA:375,0
DA:376,0
DA:379,0
DA:380,0
DA:381,0
DA:382,0
DA:383,0
DA:385,0
DA:386,0
DA:389,0
DA:390,0
DA:394,0
DA:397,0
DA:398,0
DA:399,0
DA:400,0
DA:401,0
DA:402,0
DA:405,0
DA:406,0
DA:407,0
DA:408,0
DA:412,0
DA:414,0
DA:419,0
DA:423,1
DA:424,0
DA:425,0
DA:426,0
DA:428,0
DA:429,0
DA:432,0
DA:433,0
DA:436,0
DA:437,0
DA:438,0
DA:441,0
DA:442,0
DA:443,0
DA:446,0
DA:447,0
DA:449,0
DA:451,0
DA:455,1
DA:456,0
DA:457,0
DA:459,0
DA:460,0
DA:463,0
DA:464,0
DA:466,0
DA:467,0
DA:472,0
DA:473,0
DA:478,0
DA:480,0
DA:484,0
DA:488,1
DA:489,0
DA:490,0
DA:492,0
DA:493,0
DA:496,0
DA:497,0
DA:500,0
DA:501,0
DA:503,0
DA:504,0
DA:509,0
DA:510,0
DA:511,0
DA:516,0
DA:517,0
DA:520,0
DA:521,0
DA:522,0
DA:523,0
DA:526,0
DA:527,0
DA:528,0
DA:530,0
DA:532,0
DA:536,1
LF:240
LH:47
BRDA:17,0,0,1
BRDA:17,0,1,0
BRDA:17,0,2,0
BRDA:17,0,3,0
BRDA:17,0,4,0
BRDA:23,1,0,0
BRDA:23,1,1,1
BRDA:36,2,0,0
BRDA:36,2,1,1
BRDA:52,3,0,0
BRDA:52,3,1,0
BRDA:58,4,0,0
BRDA:58,4,1,0
BRDA:73,5,0,0
BRDA:73,5,1,0
BRDA:75,6,0,0
BRDA:75,6,1,0
BRDA:76,7,0,0
BRDA:76,7,1,0
BRDA:81,8,0,0
BRDA:81,8,1,0
BRDA:109,9,0,0
BRDA:109,9,1,0
BRDA:109,10,0,0
BRDA:109,10,1,0
BRDA:109,10,2,0
BRDA:109,10,3,0
BRDA:116,11,0,0
BRDA:116,11,1,0
BRDA:120,12,0,0
BRDA:120,12,1,0
BRDA:124,13,0,0
BRDA:124,13,1,0
BRDA:124,14,0,0
BRDA:124,14,1,0
BRDA:124,14,2,0
BRDA:124,14,3,0
BRDA:131,15,0,0
BRDA:131,15,1,0
BRDA:144,16,0,0
BRDA:144,16,1,0
BRDA:165,17,0,0
BRDA:165,17,1,3
BRDA:165,18,0,3
BRDA:165,18,1,3
BRDA:172,19,0,1
BRDA:172,19,1,2
BRDA:176,20,0,0
BRDA:176,20,1,2
BRDA:183,21,0,1
BRDA:183,21,1,1
BRDA:188,22,0,0
BRDA:188,22,1,1
BRDA:205,23,0,0
BRDA:205,23,1,0
BRDA:212,24,0,0
BRDA:212,24,1,0
BRDA:222,25,0,0
BRDA:222,25,1,0
BRDA:224,26,0,0
BRDA:224,26,1,0
BRDA:224,27,0,0
BRDA:224,27,1,0
BRDA:230,28,0,0
BRDA:230,28,1,0
BRDA:233,29,0,0
BRDA:233,29,1,0
BRDA:233,29,2,0
BRDA:237,30,0,0
BRDA:237,30,1,0
BRDA:240,31,0,0
BRDA:240,31,1,0
BRDA:241,32,0,0
BRDA:241,32,1,0
BRDA:253,33,0,0
BRDA:253,33,1,0
BRDA:276,34,0,0
BRDA:276,34,1,0
BRDA:297,35,0,0
BRDA:297,35,1,0
BRDA:301,36,0,0
BRDA:301,36,1,0
BRDA:306,37,0,0
BRDA:306,37,1,0
BRDA:306,37,2,0
BRDA:309,38,0,0
BRDA:309,38,1,0
BRDA:321,39,0,0
BRDA:321,39,1,0
BRDA:322,40,0,0
BRDA:322,40,1,0
BRDA:327,41,0,0
BRDA:327,41,1,0
BRDA:329,42,0,0
BRDA:329,42,1,0
BRDA:329,43,0,0
BRDA:329,43,1,0
BRDA:335,44,0,0
BRDA:335,44,1,0
BRDA:344,45,0,0
BRDA:344,45,1,0
BRDA:352,46,0,0
BRDA:352,46,1,0
BRDA:361,47,0,0
BRDA:361,47,1,0
BRDA:362,48,0,0
BRDA:362,48,1,0
BRDA:362,48,2,0
BRDA:362,48,3,0
BRDA:362,48,4,0
BRDA:371,49,0,0
BRDA:371,49,1,0
BRDA:375,50,0,0
BRDA:375,50,1,0
BRDA:375,51,0,0
BRDA:375,51,1,0
BRDA:379,52,0,0
BRDA:379,52,1,0
BRDA:380,53,0,0
BRDA:380,53,1,0
BRDA:381,54,0,0
BRDA:381,54,1,0
BRDA:385,55,0,0
BRDA:385,55,1,0
BRDA:389,56,0,0
BRDA:389,56,1,0
BRDA:397,57,0,0
BRDA:397,57,1,0
BRDA:398,58,0,0
BRDA:398,58,1,0
BRDA:399,59,0,0
BRDA:399,59,1,0
BRDA:401,60,0,0
BRDA:401,60,1,0
BRDA:401,61,0,0
BRDA:401,61,1,0
BRDA:406,62,0,0
BRDA:406,62,1,0
BRDA:407,63,0,0
BRDA:407,63,1,0
BRDA:408,64,0,0
BRDA:408,64,1,0
BRDA:428,65,0,0
BRDA:428,65,1,0
BRDA:428,66,0,0
BRDA:428,66,1,0
BRDA:432,67,0,0
BRDA:432,67,1,0
BRDA:437,68,0,0
BRDA:437,68,1,0
BRDA:442,69,0,0
BRDA:442,69,1,0
BRDA:459,70,0,0
BRDA:459,70,1,0
BRDA:466,71,0,0
BRDA:466,71,1,0
BRDA:492,72,0,0
BRDA:492,72,1,0
BRDA:492,73,0,0
BRDA:492,73,1,0
BRDA:492,73,2,0
BRDA:496,74,0,0
BRDA:496,74,1,0
BRDA:503,75,0,0
BRDA:503,75,1,0
BRDA:509,76,0,0
BRDA:509,76,1,0
BRDA:516,77,0,0
BRDA:516,77,1,0
BRDA:521,78,0,0
BRDA:521,78,1,0
BRF:171
BRH:12
end_of_record
